<?xml version="1.0" encoding="UTF-8"?>
<!-- Generated by org.testng.reporters.JUnitReportReporter -->
<testsuite hostname="itluser-PC" name="TestScriptFiles.UsersPalette" tests="1" failures="0" timestamp="29 Mar 2016 10:07:34 GMT" time="5.549" errors="0">
  <testcase name="vesselsearched" time="5.549" classname="TestScriptFiles.UsersPalette"/>
</testsuite> <!-- TestScriptFiles.UsersPalette -->
