<?xml version="1.0" encoding="UTF-8"?>
<!-- Generated by org.testng.reporters.JUnitReportReporter -->
<testsuite hostname="itluser-PC" name="TestScriptFiles.ContainerSearchType2" tests="1" failures="0" timestamp="21 Mar 2016 11:12:18 GMT" time="2.109" errors="0">
  <testcase name="ShipVisualizerProfile" time="2.109" classname="TestScriptFiles.ContainerSearchType2"/>
</testsuite> <!-- TestScriptFiles.ContainerSearchType2 -->
