<?xml version="1.0" encoding="UTF-8"?>
<!-- Generated by org.testng.reporters.JUnitReportReporter -->
<testsuite hostname="itluser-PC" name="TestScriptFiles.UserScenario" tests="1" failures="0" timestamp="27 Apr 2016 10:45:58 GMT" time="6.215" errors="0">
  <testcase name="logoutPage" time="6.215" classname="TestScriptFiles.UserScenario"/>
</testsuite> <!-- TestScriptFiles.UserScenario -->
