<?xml version="1.0" encoding="UTF-8"?>
<!-- Generated by org.testng.reporters.JUnitReportReporter -->
<testsuite hostname="itluser-PC" name="TestScriptFiles.ContainerSearchType1" tests="1" failures="0" timestamp="21 Mar 2016 11:13:53 GMT" time="1.138" errors="0">
  <testcase name="searchBar" time="1.138" classname="TestScriptFiles.ContainerSearchType1"/>
</testsuite> <!-- TestScriptFiles.ContainerSearchType1 -->
