<?xml version="1.0" encoding="UTF-8"?>
<!-- Generated by org.testng.reporters.JUnitReportReporter -->
<testsuite hostname="itluser-PC" name="TestScriptFiles.AppSwitcherdropdownToggle" tests="1" failures="0" timestamp="26 Apr 2016 12:00:35 GMT" time="3.728" errors="0">
  <testcase name="AppSwitcher" time="3.728" classname="TestScriptFiles.AppSwitcherdropdownToggle"/>
</testsuite> <!-- TestScriptFiles.AppSwitcherdropdownToggle -->
