<?xml version="1.0" encoding="UTF-8"?>
<!-- Generated by org.testng.reporters.JUnitReportReporter -->
<testsuite hostname="itluser-PC" name="TestScriptFiles.UserScenario" tests="1" failures="0" timestamp="6 Apr 2016 10:14:22 GMT" time="79.712" errors="0">
  <testcase name="loginPage" time="79.712" classname="TestScriptFiles.UserScenario"/>
</testsuite> <!-- TestScriptFiles.UserScenario -->
