<?xml version="1.0" encoding="UTF-8"?>
<!-- Generated by org.testng.reporters.JUnitReportReporter -->
<testsuite hostname="itluser-PC" name="TestScriptFiles.EDI" tests="1" failures="0" timestamp="29 Mar 2016 10:07:59 GMT" time="0.361" errors="0">
  <testcase name="upload" time="0.361" classname="TestScriptFiles.EDI"/>
</testsuite> <!-- TestScriptFiles.EDI -->
