<?xml version="1.0" encoding="UTF-8"?>
<!-- Generated by org.testng.reporters.JUnitReportReporter -->
<testsuite hostname="ITLUSER-PC" name="TestScriptFiles.AddindRule" tests="1" failures="0" timestamp="2 Feb 2016 09:05:20 GMT" time="0.022" errors="0">
  <testcase name="load" time="0.022" classname="TestScriptFiles.AddindRule"/>
</testsuite> <!-- TestScriptFiles.AddindRule -->
