<?xml version="1.0" encoding="UTF-8"?>
<!-- Generated by org.testng.reporters.JUnitReportReporter -->
<testsuite hostname="itluser-PC" name="TestScriptFiles.ContainerSearch2" tests="1" failures="0" timestamp="10 Mar 2016 06:34:18 GMT" time="6.749" errors="0">
  <testcase name="ShipVisualizerProfile" time="6.749" classname="TestScriptFiles.ContainerSearch2"/>
</testsuite> <!-- TestScriptFiles.ContainerSearch2 -->
