<?xml version="1.0" encoding="UTF-8"?>
<!-- Generated by org.testng.reporters.JUnitReportReporter -->
<testsuite hostname="ITLUSER-PC" name="TestScriptFiles.LoginScenario" tests="1" failures="0" timestamp="3 Feb 2016 06:59:10 GMT" time="12.903" errors="0">
  <testcase name="loadPage" time="12.903" classname="TestScriptFiles.LoginScenario"/>
</testsuite> <!-- TestScriptFiles.LoginScenario -->
