<?xml version="1.0" encoding="UTF-8"?>
<!-- Generated by org.testng.reporters.JUnitReportReporter -->
<testsuite hostname="itluser-PC" name="TestScriptFiles.VesselSelection" tests="1" failures="0" timestamp="22 Apr 2016 10:23:27 GMT" time="37.894" errors="0">
  <testcase name="searchedvessel" time="37.894" classname="TestScriptFiles.VesselSelection"/>
</testsuite> <!-- TestScriptFiles.VesselSelection -->
