<?xml version="1.0" encoding="UTF-8"?>
<!-- Generated by org.testng.reporters.JUnitReportReporter -->
<testsuite hostname="itluser-PC" name="TestScriptFiles.ContainerSearch" tests="1" failures="0" timestamp="10 Mar 2016 06:34:11 GMT" time="1.053" errors="0">
  <testcase name="searchBar" time="1.053" classname="TestScriptFiles.ContainerSearch"/>
</testsuite> <!-- TestScriptFiles.ContainerSearch -->
