<?xml version="1.0" encoding="UTF-8"?>
<!-- Generated by org.testng.reporters.JUnitReportReporter -->
<testsuite hostname="itluser-PC" name="TestScriptFiles.ContainerSearchType3" tests="1" failures="0" timestamp="21 Mar 2016 11:13:56 GMT" time="2.660" errors="0">
  <testcase name="ShipVisualizerProfile" time="2.660" classname="TestScriptFiles.ContainerSearchType3"/>
</testsuite> <!-- TestScriptFiles.ContainerSearchType3 -->
