<?xml version="1.0" encoding="UTF-8"?>
<!-- Generated by org.testng.reporters.JUnitReportReporter -->
<testsuite hostname="ITLUSER-PC" name="TestScriptFiles.AddindRule" tests="3" failures="0" timestamp="28 Jan 2016 12:49:41 GMT" time="0.024" errors="0">
  <testcase name="load2" time="0.001" classname="TestScriptFiles.AddindRule"/>
  <testcase name="load1" time="0.001" classname="TestScriptFiles.AddindRule"/>
  <testcase name="load" time="0.022" classname="TestScriptFiles.AddindRule"/>
</testsuite> <!-- TestScriptFiles.AddindRule -->
